<?xml version="1.0" encoding="UTF-8"?>
<!-- Generated by org.testng.reporters.JUnitXMLReporter -->
<testsuite ignored="0" hostname="LAPTOP-BKN75882" failures="0" tests="4" name="Default test" time="11.16" errors="0" timestamp="2023-01-08T02:43:17 EST">
  <testcase classname="SwagLabs.Selenium_checkout" name="login" time="1.493"/>
  <testcase classname="SwagLabs.Selenium_checkout" name="addProductToCart" time="1.084"/>
  <testcase classname="SwagLabs.Selenium_checkout" name="checkoutAndContinue" time="3.748"/>
  <testcase classname="SwagLabs.Selenium_checkout" name="validateChekout" time="1.189"/>
</testsuite> <!-- Default test -->
