<?xml version="1.0" encoding="UTF-8"?>
<!-- Generated by org.testng.reporters.JUnitXMLReporter -->
<testsuite ignored="0" hostname="LAPTOP-BKN75882" failures="0" tests="4" name="Default test" time="7.091" errors="0" timestamp="2023-01-08T00:46:49 EST">
  <testcase classname="SwagLabs.Selenium_checkout" name="login" time="1.524"/>
  <testcase classname="SwagLabs.Selenium_checkout" name="addProductToCart" time="0.082"/>
  <testcase classname="SwagLabs.Selenium_checkout" name="checkoutAndContinue" time="0.753"/>
  <testcase classname="SwagLabs.Selenium_checkout" name="validateChekout" time="1.194"/>
</testsuite> <!-- Default test -->
