<?xml version="1.0" encoding="UTF-8"?>
<testng-results ignored="0" total="4" passed="4" failed="0" skipped="0">
  <reporter-output>
  </reporter-output>
  <suite started-at="2023-01-08T02:43:06 EST" name="Default suite" finished-at="2023-01-08T02:43:17 EST" duration-ms="11160">
    <groups>
    </groups>
    <test started-at="2023-01-08T02:43:06 EST" name="Default test" finished-at="2023-01-08T02:43:17 EST" duration-ms="11160">
      <class name="SwagLabs.Selenium_checkout">
        <test-method is-config="true" signature="SetUp()[pri:0, instance:SwagLabs.Selenium_checkout@4e268090]" started-at="2023-01-08T02:43:06 EST" name="SetUp" finished-at="2023-01-08T02:43:08 EST" duration-ms="2232" status="PASS">
          <reporter-output>
          </reporter-output>
        </test-method> <!-- SetUp -->
        <test-method signature="login()[pri:-3, instance:SwagLabs.Selenium_checkout@4e268090]" started-at="2023-01-08T02:43:08 EST" name="login" finished-at="2023-01-08T02:43:10 EST" duration-ms="1493" status="PASS">
          <reporter-output>
          </reporter-output>
        </test-method> <!-- login -->
        <test-method signature="addProductToCart()[pri:-2, instance:SwagLabs.Selenium_checkout@4e268090]" started-at="2023-01-08T02:43:10 EST" name="addProductToCart" finished-at="2023-01-08T02:43:11 EST" duration-ms="1084" status="PASS">
          <reporter-output>
          </reporter-output>
        </test-method> <!-- addProductToCart -->
        <test-method signature="checkoutAndContinue()[pri:-1, instance:SwagLabs.Selenium_checkout@4e268090]" started-at="2023-01-08T02:43:11 EST" name="checkoutAndContinue" finished-at="2023-01-08T02:43:15 EST" duration-ms="3748" status="PASS">
          <reporter-output>
          </reporter-output>
        </test-method> <!-- checkoutAndContinue -->
        <test-method signature="validateChekout()[pri:0, instance:SwagLabs.Selenium_checkout@4e268090]" started-at="2023-01-08T02:43:15 EST" name="validateChekout" finished-at="2023-01-08T02:43:16 EST" duration-ms="1189" status="PASS">
          <reporter-output>
          </reporter-output>
        </test-method> <!-- validateChekout -->
        <test-method is-config="true" signature="afterTest()[pri:0, instance:SwagLabs.Selenium_checkout@4e268090]" started-at="2023-01-08T02:43:16 EST" name="afterTest" finished-at="2023-01-08T02:43:17 EST" duration-ms="1369" status="PASS">
          <reporter-output>
          </reporter-output>
        </test-method> <!-- afterTest -->
      </class> <!-- SwagLabs.Selenium_checkout -->
    </test> <!-- Default test -->
  </suite> <!-- Default suite -->
</testng-results>
